<?xml version="1.0" encoding="UTF-8"?>
<!-- Generated by org.testng.reporters.JUnitXMLReporter -->
<testsuite hostname="NZNCGUVCPXQM2UF" ignored="0" name="TestDebug" tests="1" failures="1" timestamp="26 十一月 2019 16:13:59 GMT" time="0.017" errors="0">
  <testcase name="a" time="0.0" classname="factoryDemo.FactoryTest">
    <failure type="org.testng.TestNGException" message="
Parameter &amp;apos;ABC&amp;apos; is required by @Test on method a but has not been marked @Optional or defined
in D:\eclipse\working\SeleniumIDE\testng.xml">
      <![CDATA[org.testng.TestNGException: 
Parameter 'ABC' is required by @Test on method a but has not been marked @Optional or defined
in D:\eclipse\working\SeleniumIDE\testng.xml
at org.testng.internal.Parameters.createParams(Parameters.java:290)
at org.testng.internal.Parameters.createParametersForMethod(Parameters.java:359)
at org.testng.internal.Parameters.createParameters(Parameters.java:620)
at org.testng.internal.Parameters.handleParameters(Parameters.java:769)
at org.testng.internal.ParameterHandler.handleParameters(ParameterHandler.java:49)
at org.testng.internal.ParameterHandler.createParameters(ParameterHandler.java:37)
at org.testng.internal.Invoker.invokeTestMethods(Invoker.java:923)
at org.testng.internal.TestMethodWorker.invokeTestMethods(TestMethodWorker.java:125)
at org.testng.internal.TestMethodWorker.run(TestMethodWorker.java:109)
at java.util.concurrent.ThreadPoolExecutor.runWorker(Unknown Source)
at java.util.concurrent.ThreadPoolExecutor$Worker.run(Unknown Source)
at java.lang.Thread.run(Unknown Source)
]]>
    </failure>
  </testcase> <!-- a -->
</testsuite> <!-- TestDebug -->
